
Showing logs for build [32mmeta-dukecon-jx-jax-prep-dukeco-b4r5m-1[0m stage [32mmeta-pipeline[0m and container [32mcredential-initializer[0m
{"level":"info","ts":1599570539.5380971,"caller":"creds-init/main.go:44","msg":"Credentials initialized."}

Showing logs for build [32mmeta-dukecon-jx-jax-prep-dukeco-b4r5m-1[0m stage [32mmeta-pipeline[0m and container [32mworking-dir-initializer[0m

Showing logs for build [32mmeta-dukecon-jx-jax-prep-dukeco-b4r5m-1[0m stage [32mmeta-pipeline[0m and container [32mplace-tools[0m

Showing logs for build [32mmeta-dukecon-jx-jax-prep-dukeco-b4r5m-1[0m stage [32mmeta-pipeline[0m and container [32mstep-git-source-meta-dukecon-jx-jax-prep-dukeco-b4r5m-vt7kw[0m
{"level":"info","ts":1599570547.144441,"caller":"git/git.go:105","msg":"Successfully cloned https://github.com/dukecon-**-jax-prep/dukecon_feedback.git @ develop in path /workspace/source"}
{"level":"warn","ts":1599570547.1445518,"caller":"git/git.go:152","msg":"Unexpected error: creating symlink: symlink /tekton/home/.ssh /root/.ssh: file exists"}
{"level":"info","ts":1599570547.1954966,"caller":"git/git.go:133","msg":"Successfully initialized and updated submodules in path /workspace/source"}

Showing logs for build [32mmeta-dukecon-jx-jax-prep-dukeco-b4r5m-1[0m stage [32mmeta-pipeline[0m and container [32mstep-setup-builder-home[0m

Showing logs for build [32mmeta-dukecon-jx-jax-prep-dukeco-b4r5m-1[0m stage [32mmeta-pipeline[0m and container [32mstep-git-merge[0m
Using SHAs from PULL_REFS=develop:
WARNING: no SHAs to merge, falling back to initial cloned commit

Showing logs for build [32mmeta-dukecon-jx-jax-prep-dukeco-b4r5m-1[0m stage [32mmeta-pipeline[0m and container [32mstep-merge-pull-refs[0m
SKIP merge-pull-refs: Nothing to merge

Showing logs for build [32mmeta-dukecon-jx-jax-prep-dukeco-b4r5m-1[0m stage [32mmeta-pipeline[0m and container [32mstep-create-effective-pipeline[0m
Effective pipeline written to jenkins-x-effective.yml

Showing logs for build [32mmeta-dukecon-jx-jax-prep-dukeco-b4r5m-1[0m stage [32mmeta-pipeline[0m and container [32mstep-create-tekton-crds[0m
error: failed to generate Tekton CRDs: unable to extract the requested pipeline: no pipeline defined for kind feature
[31m
Pipeline failed on stage 'meta-pipeline' : container 'step-create-tekton-crds'. The execution of the pipeline has stopped.[0m
